Determining if the pthread_create exist failed with the following output:
Change Dir: /home/pi/matrix-creator-hal/build/CMakeFiles/CMakeTmp

Run Build Command:"/usr/bin/make" "cmTC_dac7c/fast"
/usr/bin/make -f CMakeFiles/cmTC_dac7c.dir/build.make CMakeFiles/cmTC_dac7c.dir/build
make[1]: Entering directory '/home/pi/matrix-creator-hal/build/CMakeFiles/CMakeTmp'
Building C object CMakeFiles/cmTC_dac7c.dir/CheckSymbolExists.c.o
/usr/bin/cc     -o CMakeFiles/cmTC_dac7c.dir/CheckSymbolExists.c.o   -c /home/pi/matrix-creator-hal/build/CMakeFiles/CMakeTmp/CheckSymbolExists.c
Linking C executable cmTC_dac7c
/usr/bin/cmake -E cmake_link_script CMakeFiles/cmTC_dac7c.dir/link.txt --verbose=1
/usr/bin/cc       CMakeFiles/cmTC_dac7c.dir/CheckSymbolExists.c.o  -o cmTC_dac7c -rdynamic 
CMakeFiles/cmTC_dac7c.dir/CheckSymbolExists.c.o: In function `main':
CheckSymbolExists.c:(.text+0x38): undefined reference to `pthread_create'
collect2: error: ld returned 1 exit status
CMakeFiles/cmTC_dac7c.dir/build.make:97: recipe for target 'cmTC_dac7c' failed
make[1]: *** [cmTC_dac7c] Error 1
make[1]: Leaving directory '/home/pi/matrix-creator-hal/build/CMakeFiles/CMakeTmp'
Makefile:126: recipe for target 'cmTC_dac7c/fast' failed
make: *** [cmTC_dac7c/fast] Error 2

File /home/pi/matrix-creator-hal/build/CMakeFiles/CMakeTmp/CheckSymbolExists.c:
/* */
#include <pthread.h>

int main(int argc, char** argv)
{
  (void)argv;
#ifndef pthread_create
  return ((int*)(&pthread_create))[argc];
#else
  (void)argc;
  return 0;
#endif
}

Determining if the function pthread_create exists in the pthreads failed with the following output:
Change Dir: /home/pi/matrix-creator-hal/build/CMakeFiles/CMakeTmp

Run Build Command:"/usr/bin/make" "cmTC_9cdb0/fast"
/usr/bin/make -f CMakeFiles/cmTC_9cdb0.dir/build.make CMakeFiles/cmTC_9cdb0.dir/build
make[1]: Entering directory '/home/pi/matrix-creator-hal/build/CMakeFiles/CMakeTmp'
Building C object CMakeFiles/cmTC_9cdb0.dir/CheckFunctionExists.c.o
/usr/bin/cc    -DCHECK_FUNCTION_EXISTS=pthread_create   -o CMakeFiles/cmTC_9cdb0.dir/CheckFunctionExists.c.o   -c /usr/share/cmake-3.6/Modules/CheckFunctionExists.c
Linking C executable cmTC_9cdb0
/usr/bin/cmake -E cmake_link_script CMakeFiles/cmTC_9cdb0.dir/link.txt --verbose=1
/usr/bin/cc   -DCHECK_FUNCTION_EXISTS=pthread_create    CMakeFiles/cmTC_9cdb0.dir/CheckFunctionExists.c.o  -o cmTC_9cdb0 -rdynamic -lpthreads 
/usr/bin/ld: cannot find -lpthreads
collect2: error: ld returned 1 exit status
CMakeFiles/cmTC_9cdb0.dir/build.make:97: recipe for target 'cmTC_9cdb0' failed
make[1]: *** [cmTC_9cdb0] Error 1
make[1]: Leaving directory '/home/pi/matrix-creator-hal/build/CMakeFiles/CMakeTmp'
Makefile:126: recipe for target 'cmTC_9cdb0/fast' failed
make: *** [cmTC_9cdb0/fast] Error 2


